2019-04-23 03:00:20.732  INFO 23478 --- [main] c.e.a.titanic.TitanicApplication         : Starting TitanicApplication v0.0.1-SNAPSHOT on yaos-MacBook-Pro.local with PID 23478 (/Users/yao/Desktop/titanic/target/titanic-0.0.1-SNAPSHOT.jar started by yao in /Users/yao/Desktop/titanic/target)
2019-04-23 03:00:20.735 DEBUG 23478 --- [main] c.e.a.titanic.TitanicApplication         : Running with Spring Boot v2.1.4.RELEASE, Spring v5.1.6.RELEASE
2019-04-23 03:00:20.736  INFO 23478 --- [main] c.e.a.titanic.TitanicApplication         : No active profile set, falling back to default profiles: default
2019-04-23 03:00:21.511  INFO 23478 --- [main] .s.d.r.c.RepositoryConfigurationDelegate : Bootstrapping Spring Data repositories in DEFAULT mode.
2019-04-23 03:00:21.598  INFO 23478 --- [main] .s.d.r.c.RepositoryConfigurationDelegate : Finished Spring Data repository scanning in 77ms. Found 1 repository interfaces.
2019-04-23 03:00:22.357  INFO 23478 --- [main] trationDelegate$BeanPostProcessorChecker : Bean 'org.springframework.transaction.annotation.ProxyTransactionManagementConfiguration' of type [org.springframework.transaction.annotation.ProxyTransactionManagementConfiguration$$EnhancerBySpringCGLIB$$e571635b] is not eligible for getting processed by all BeanPostProcessors (for example: not eligible for auto-proxying)
2019-04-23 03:00:23.566  INFO 23478 --- [main] o.s.b.w.embedded.tomcat.TomcatWebServer  : Tomcat initialized with port(s): 8086 (http)
2019-04-23 03:00:23.628  INFO 23478 --- [main] o.apache.catalina.core.StandardService   : Starting service [Tomcat]
2019-04-23 03:00:23.629  INFO 23478 --- [main] org.apache.catalina.core.StandardEngine  : Starting Servlet engine: [Apache Tomcat/9.0.17]
2019-04-23 03:00:24.240  INFO 23478 --- [main] org.apache.jasper.servlet.TldScanner     : At least one JAR was scanned for TLDs yet contained no TLDs. Enable debug logging for this logger for a complete list of JARs that were scanned but no TLDs were found in them. Skipping unneeded JARs during scanning can improve startup time and JSP compilation time.
2019-04-23 03:00:24.514  INFO 23478 --- [main] o.a.c.c.C.[Tomcat].[localhost].[/]       : Initializing Spring embedded WebApplicationContext
2019-04-23 03:00:24.514 DEBUG 23478 --- [main] o.s.web.context.ContextLoader            : Published root WebApplicationContext as ServletContext attribute with name [org.springframework.web.context.WebApplicationContext.ROOT]
2019-04-23 03:00:24.515  INFO 23478 --- [main] o.s.web.context.ContextLoader            : Root WebApplicationContext: initialization completed in 3703 ms
2019-04-23 03:00:25.021  INFO 23478 --- [main] o.hibernate.jpa.internal.util.LogHelper  : HHH000204: Processing PersistenceUnitInfo [
	name: default
	...]
2019-04-23 03:00:25.159  INFO 23478 --- [main] org.hibernate.Version                    : HHH000412: Hibernate Core {5.3.9.Final}
2019-04-23 03:00:25.161  INFO 23478 --- [main] org.hibernate.cfg.Environment            : HHH000206: hibernate.properties not found
2019-04-23 03:00:25.394  INFO 23478 --- [main] o.hibernate.annotations.common.Version   : HCANN000001: Hibernate Commons Annotations {5.0.4.Final}
2019-04-23 03:00:26.015  INFO 23478 --- [main] com.zaxxer.hikari.HikariDataSource       : HikariPool-1 - Starting...
2019-04-23 03:00:26.697  INFO 23478 --- [main] com.zaxxer.hikari.HikariDataSource       : HikariPool-1 - Start completed.
2019-04-23 03:00:26.720  INFO 23478 --- [main] org.hibernate.dialect.Dialect            : HHH000400: Using dialect: org.hibernate.dialect.MySQL5Dialect
2019-04-23 03:00:27.699  INFO 23478 --- [main] j.LocalContainerEntityManagerFactoryBean : Initialized JPA EntityManagerFactory for persistence unit 'default'
2019-04-23 03:00:28.005  INFO 23478 --- [main] o.h.h.i.QueryTranslatorFactoryInitiator  : HHH000397: Using ASTQueryTranslatorFactory
2019-04-23 03:00:28.189 DEBUG 23478 --- [main] o.s.w.s.handler.SimpleUrlHandlerMapping  : Patterns [/**/favicon.ico] in 'faviconHandlerMapping'
2019-04-23 03:00:28.540  INFO 23478 --- [main] o.s.s.concurrent.ThreadPoolTaskExecutor  : Initializing ExecutorService 'applicationTaskExecutor'
2019-04-23 03:00:28.551 DEBUG 23478 --- [main] s.w.s.m.m.a.RequestMappingHandlerAdapter : ControllerAdvice beans: 0 @ModelAttribute, 0 @InitBinder, 1 RequestBodyAdvice, 1 ResponseBodyAdvice
2019-04-23 03:00:28.601  WARN 23478 --- [main] aWebConfiguration$JpaWebMvcConfiguration : spring.jpa.open-in-view is enabled by default. Therefore, database queries may be performed during view rendering. Explicitly configure spring.jpa.open-in-view to disable this warning
2019-04-23 03:00:28.635 DEBUG 23478 --- [main] s.w.s.m.m.a.RequestMappingHandlerMapping : 6 mappings in 'requestMappingHandlerMapping'
2019-04-23 03:00:28.651 DEBUG 23478 --- [main] o.s.w.s.handler.SimpleUrlHandlerMapping  : Patterns [/webjars/**, /**] in 'resourceHandlerMapping'
2019-04-23 03:00:28.664 DEBUG 23478 --- [main] .m.m.a.ExceptionHandlerExceptionResolver : ControllerAdvice beans: 0 @ExceptionHandler, 1 ResponseBodyAdvice
2019-04-23 03:00:28.936  INFO 23478 --- [main] o.s.b.w.embedded.tomcat.TomcatWebServer  : Tomcat started on port(s): 8086 (http) with context path ''
2019-04-23 03:00:28.939  INFO 23478 --- [main] c.e.a.titanic.TitanicApplication         : Started TitanicApplication in 8.758 seconds (JVM running for 9.366)
2019-04-23 03:00:51.280  INFO 23478 --- [Thread-3] o.s.s.concurrent.ThreadPoolTaskExecutor  : Shutting down ExecutorService 'applicationTaskExecutor'
2019-04-23 03:00:51.283  INFO 23478 --- [Thread-3] j.LocalContainerEntityManagerFactoryBean : Closing JPA EntityManagerFactory for persistence unit 'default'
2019-04-23 03:00:51.286  INFO 23478 --- [Thread-3] com.zaxxer.hikari.HikariDataSource       : HikariPool-1 - Shutdown initiated...
2019-04-23 03:00:51.295  INFO 23478 --- [Thread-3] com.zaxxer.hikari.HikariDataSource       : HikariPool-1 - Shutdown completed.
2019-04-23 03:01:09.963  INFO 23506 --- [main] c.e.a.titanic.TitanicApplication         : Starting TitanicApplication v0.0.1-SNAPSHOT on yaos-MacBook-Pro.local with PID 23506 (/Users/yao/Desktop/titanic/target/titanic-0.0.1-SNAPSHOT.jar started by yao in /Users/yao/Desktop/titanic/target)
2019-04-23 03:01:09.965 DEBUG 23506 --- [main] c.e.a.titanic.TitanicApplication         : Running with Spring Boot v2.1.4.RELEASE, Spring v5.1.6.RELEASE
2019-04-23 03:01:09.966  INFO 23506 --- [main] c.e.a.titanic.TitanicApplication         : No active profile set, falling back to default profiles: default
2019-04-23 03:01:10.861  INFO 23506 --- [main] .s.d.r.c.RepositoryConfigurationDelegate : Bootstrapping Spring Data repositories in DEFAULT mode.
2019-04-23 03:01:10.954  INFO 23506 --- [main] .s.d.r.c.RepositoryConfigurationDelegate : Finished Spring Data repository scanning in 82ms. Found 1 repository interfaces.
2019-04-23 03:01:11.568  INFO 23506 --- [main] trationDelegate$BeanPostProcessorChecker : Bean 'org.springframework.transaction.annotation.ProxyTransactionManagementConfiguration' of type [org.springframework.transaction.annotation.ProxyTransactionManagementConfiguration$$EnhancerBySpringCGLIB$$50e57879] is not eligible for getting processed by all BeanPostProcessors (for example: not eligible for auto-proxying)
2019-04-23 03:01:12.063  INFO 23506 --- [main] o.s.b.w.embedded.tomcat.TomcatWebServer  : Tomcat initialized with port(s): 8086 (http)
2019-04-23 03:01:12.108  INFO 23506 --- [main] o.apache.catalina.core.StandardService   : Starting service [Tomcat]
2019-04-23 03:01:12.109  INFO 23506 --- [main] org.apache.catalina.core.StandardEngine  : Starting Servlet engine: [Apache Tomcat/9.0.17]
2019-04-23 03:01:12.625  INFO 23506 --- [main] org.apache.jasper.servlet.TldScanner     : At least one JAR was scanned for TLDs yet contained no TLDs. Enable debug logging for this logger for a complete list of JARs that were scanned but no TLDs were found in them. Skipping unneeded JARs during scanning can improve startup time and JSP compilation time.
2019-04-23 03:01:12.858  INFO 23506 --- [main] o.a.c.c.C.[Tomcat].[localhost].[/]       : Initializing Spring embedded WebApplicationContext
2019-04-23 03:01:12.858 DEBUG 23506 --- [main] o.s.web.context.ContextLoader            : Published root WebApplicationContext as ServletContext attribute with name [org.springframework.web.context.WebApplicationContext.ROOT]
2019-04-23 03:01:12.859  INFO 23506 --- [main] o.s.web.context.ContextLoader            : Root WebApplicationContext: initialization completed in 2825 ms
2019-04-23 03:01:13.105  INFO 23506 --- [main] o.hibernate.jpa.internal.util.LogHelper  : HHH000204: Processing PersistenceUnitInfo [
	name: default
	...]
2019-04-23 03:01:13.266  INFO 23506 --- [main] org.hibernate.Version                    : HHH000412: Hibernate Core {5.3.9.Final}
2019-04-23 03:01:13.272  INFO 23506 --- [main] org.hibernate.cfg.Environment            : HHH000206: hibernate.properties not found
2019-04-23 03:01:13.498  INFO 23506 --- [main] o.hibernate.annotations.common.Version   : HCANN000001: Hibernate Commons Annotations {5.0.4.Final}
2019-04-23 03:01:13.913  INFO 23506 --- [main] com.zaxxer.hikari.HikariDataSource       : HikariPool-1 - Starting...
2019-04-23 03:01:14.553  INFO 23506 --- [main] com.zaxxer.hikari.HikariDataSource       : HikariPool-1 - Start completed.
2019-04-23 03:01:14.574  INFO 23506 --- [main] org.hibernate.dialect.Dialect            : HHH000400: Using dialect: org.hibernate.dialect.MySQL5Dialect
2019-04-23 03:01:15.452  INFO 23506 --- [main] j.LocalContainerEntityManagerFactoryBean : Initialized JPA EntityManagerFactory for persistence unit 'default'
2019-04-23 03:01:15.746  INFO 23506 --- [main] o.h.h.i.QueryTranslatorFactoryInitiator  : HHH000397: Using ASTQueryTranslatorFactory
2019-04-23 03:01:16.120 DEBUG 23506 --- [main] o.s.w.s.handler.SimpleUrlHandlerMapping  : Patterns [/**/favicon.ico] in 'faviconHandlerMapping'
2019-04-23 03:01:16.284  INFO 23506 --- [main] o.s.s.concurrent.ThreadPoolTaskExecutor  : Initializing ExecutorService 'applicationTaskExecutor'
2019-04-23 03:01:16.295 DEBUG 23506 --- [main] s.w.s.m.m.a.RequestMappingHandlerAdapter : ControllerAdvice beans: 0 @ModelAttribute, 0 @InitBinder, 1 RequestBodyAdvice, 1 ResponseBodyAdvice
2019-04-23 03:01:16.341  WARN 23506 --- [main] aWebConfiguration$JpaWebMvcConfiguration : spring.jpa.open-in-view is enabled by default. Therefore, database queries may be performed during view rendering. Explicitly configure spring.jpa.open-in-view to disable this warning
2019-04-23 03:01:16.375 DEBUG 23506 --- [main] s.w.s.m.m.a.RequestMappingHandlerMapping : 6 mappings in 'requestMappingHandlerMapping'
2019-04-23 03:01:16.390 DEBUG 23506 --- [main] o.s.w.s.handler.SimpleUrlHandlerMapping  : Patterns [/webjars/**, /**] in 'resourceHandlerMapping'
2019-04-23 03:01:16.406 DEBUG 23506 --- [main] .m.m.a.ExceptionHandlerExceptionResolver : ControllerAdvice beans: 0 @ExceptionHandler, 1 ResponseBodyAdvice
2019-04-23 03:01:16.676  INFO 23506 --- [main] o.s.b.w.embedded.tomcat.TomcatWebServer  : Tomcat started on port(s): 8086 (http) with context path ''
2019-04-23 03:01:16.679  INFO 23506 --- [main] c.e.a.titanic.TitanicApplication         : Started TitanicApplication in 7.227 seconds (JVM running for 7.743)
2019-04-23 03:01:49.245  INFO 23506 --- [Thread-3] o.s.s.concurrent.ThreadPoolTaskExecutor  : Shutting down ExecutorService 'applicationTaskExecutor'
2019-04-23 03:01:49.249  INFO 23506 --- [Thread-3] j.LocalContainerEntityManagerFactoryBean : Closing JPA EntityManagerFactory for persistence unit 'default'
2019-04-23 03:01:49.252  INFO 23506 --- [Thread-3] com.zaxxer.hikari.HikariDataSource       : HikariPool-1 - Shutdown initiated...
2019-04-23 03:01:49.263  INFO 23506 --- [Thread-3] com.zaxxer.hikari.HikariDataSource       : HikariPool-1 - Shutdown completed.
2019-04-23 03:01:56.898  INFO 23511 --- [restartedMain] c.e.a.titanic.TitanicApplication         : Starting TitanicApplication on yaos-MacBook-Pro.local with PID 23511 (/Users/yao/Desktop/titanic/target/classes started by yao in /Users/yao/Desktop/titanic)
2019-04-23 03:01:56.901 DEBUG 23511 --- [restartedMain] c.e.a.titanic.TitanicApplication         : Running with Spring Boot v2.1.4.RELEASE, Spring v5.1.6.RELEASE
2019-04-23 03:01:56.902  INFO 23511 --- [restartedMain] c.e.a.titanic.TitanicApplication         : No active profile set, falling back to default profiles: default
2019-04-23 03:01:56.970  INFO 23511 --- [restartedMain] .e.DevToolsPropertyDefaultsPostProcessor : Devtools property defaults active! Set 'spring.devtools.add-properties' to 'false' to disable
2019-04-23 03:01:56.971  INFO 23511 --- [restartedMain] .e.DevToolsPropertyDefaultsPostProcessor : For additional web related logging consider setting the 'logging.level.web' property to 'DEBUG'
2019-04-23 03:01:57.831  INFO 23511 --- [restartedMain] .s.d.r.c.RepositoryConfigurationDelegate : Bootstrapping Spring Data repositories in DEFAULT mode.
2019-04-23 03:01:57.887  INFO 23511 --- [restartedMain] .s.d.r.c.RepositoryConfigurationDelegate : Finished Spring Data repository scanning in 47ms. Found 1 repository interfaces.
2019-04-23 03:01:58.389  INFO 23511 --- [restartedMain] trationDelegate$BeanPostProcessorChecker : Bean 'org.springframework.transaction.annotation.ProxyTransactionManagementConfiguration' of type [org.springframework.transaction.annotation.ProxyTransactionManagementConfiguration$$EnhancerBySpringCGLIB$$1f938a2e] is not eligible for getting processed by all BeanPostProcessors (for example: not eligible for auto-proxying)
2019-04-23 03:01:58.771  INFO 23511 --- [restartedMain] o.s.b.w.embedded.tomcat.TomcatWebServer  : Tomcat initialized with port(s): 8086 (http)
2019-04-23 03:01:58.800  INFO 23511 --- [restartedMain] o.apache.catalina.core.StandardService   : Starting service [Tomcat]
2019-04-23 03:01:58.800  INFO 23511 --- [restartedMain] org.apache.catalina.core.StandardEngine  : Starting Servlet engine: [Apache Tomcat/9.0.17]
2019-04-23 03:01:59.061  INFO 23511 --- [restartedMain] org.apache.jasper.servlet.TldScanner     : At least one JAR was scanned for TLDs yet contained no TLDs. Enable debug logging for this logger for a complete list of JARs that were scanned but no TLDs were found in them. Skipping unneeded JARs during scanning can improve startup time and JSP compilation time.
2019-04-23 03:01:59.066  INFO 23511 --- [restartedMain] o.a.c.c.C.[Tomcat].[localhost].[/]       : Initializing Spring embedded WebApplicationContext
2019-04-23 03:01:59.066 DEBUG 23511 --- [restartedMain] o.s.web.context.ContextLoader            : Published root WebApplicationContext as ServletContext attribute with name [org.springframework.web.context.WebApplicationContext.ROOT]
2019-04-23 03:01:59.066  INFO 23511 --- [restartedMain] o.s.web.context.ContextLoader            : Root WebApplicationContext: initialization completed in 2095 ms
2019-04-23 03:01:59.356  INFO 23511 --- [restartedMain] o.hibernate.jpa.internal.util.LogHelper  : HHH000204: Processing PersistenceUnitInfo [
	name: default
	...]
2019-04-23 03:01:59.548  INFO 23511 --- [restartedMain] org.hibernate.Version                    : HHH000412: Hibernate Core {5.3.9.Final}
2019-04-23 03:01:59.550  INFO 23511 --- [restartedMain] org.hibernate.cfg.Environment            : HHH000206: hibernate.properties not found
2019-04-23 03:01:59.734  INFO 23511 --- [restartedMain] o.hibernate.annotations.common.Version   : HCANN000001: Hibernate Commons Annotations {5.0.4.Final}
2019-04-23 03:01:59.904  INFO 23511 --- [restartedMain] com.zaxxer.hikari.HikariDataSource       : HikariPool-1 - Starting...
2019-04-23 03:02:00.323  INFO 23511 --- [restartedMain] com.zaxxer.hikari.HikariDataSource       : HikariPool-1 - Start completed.
2019-04-23 03:02:00.346  INFO 23511 --- [restartedMain] org.hibernate.dialect.Dialect            : HHH000400: Using dialect: org.hibernate.dialect.MySQL5Dialect
2019-04-23 03:02:01.336  INFO 23511 --- [restartedMain] j.LocalContainerEntityManagerFactoryBean : Initialized JPA EntityManagerFactory for persistence unit 'default'
2019-04-23 03:02:01.392  INFO 23511 --- [restartedMain] o.s.b.d.a.OptionalLiveReloadServer       : LiveReload server is running on port 35729
2019-04-23 03:02:01.713  INFO 23511 --- [restartedMain] o.h.h.i.QueryTranslatorFactoryInitiator  : HHH000397: Using ASTQueryTranslatorFactory
2019-04-23 03:02:01.879 DEBUG 23511 --- [restartedMain] o.s.w.s.handler.SimpleUrlHandlerMapping  : Patterns [/**/favicon.ico] in 'faviconHandlerMapping'
2019-04-23 03:02:02.053  INFO 23511 --- [restartedMain] o.s.s.concurrent.ThreadPoolTaskExecutor  : Initializing ExecutorService 'applicationTaskExecutor'
2019-04-23 03:02:02.073 DEBUG 23511 --- [restartedMain] s.w.s.m.m.a.RequestMappingHandlerAdapter : ControllerAdvice beans: 0 @ModelAttribute, 0 @InitBinder, 1 RequestBodyAdvice, 1 ResponseBodyAdvice
2019-04-23 03:02:02.120  WARN 23511 --- [restartedMain] aWebConfiguration$JpaWebMvcConfiguration : spring.jpa.open-in-view is enabled by default. Therefore, database queries may be performed during view rendering. Explicitly configure spring.jpa.open-in-view to disable this warning
2019-04-23 03:02:02.153 DEBUG 23511 --- [restartedMain] s.w.s.m.m.a.RequestMappingHandlerMapping : 6 mappings in 'requestMappingHandlerMapping'
2019-04-23 03:02:02.167 DEBUG 23511 --- [restartedMain] o.s.w.s.handler.SimpleUrlHandlerMapping  : Patterns [/webjars/**, /**] in 'resourceHandlerMapping'
2019-04-23 03:02:02.217 DEBUG 23511 --- [restartedMain] .m.m.a.ExceptionHandlerExceptionResolver : ControllerAdvice beans: 0 @ExceptionHandler, 1 ResponseBodyAdvice
2019-04-23 03:02:02.464  INFO 23511 --- [restartedMain] o.s.b.w.embedded.tomcat.TomcatWebServer  : Tomcat started on port(s): 8086 (http) with context path ''
2019-04-23 03:02:02.468  INFO 23511 --- [restartedMain] c.e.a.titanic.TitanicApplication         : Started TitanicApplication in 6.043 seconds (JVM running for 7.056)
2019-04-23 03:02:44.616  INFO 23511 --- [Thread-21] o.s.s.concurrent.ThreadPoolTaskExecutor  : Shutting down ExecutorService 'applicationTaskExecutor'
2019-04-23 03:02:44.617  INFO 23511 --- [Thread-21] j.LocalContainerEntityManagerFactoryBean : Closing JPA EntityManagerFactory for persistence unit 'default'
2019-04-23 03:02:44.621  INFO 23511 --- [Thread-21] com.zaxxer.hikari.HikariDataSource       : HikariPool-1 - Shutdown initiated...
2019-04-23 03:02:44.631  INFO 23511 --- [Thread-21] com.zaxxer.hikari.HikariDataSource       : HikariPool-1 - Shutdown completed.
2019-04-23 03:02:48.726  INFO 23513 --- [restartedMain] c.e.a.titanic.TitanicApplication         : Starting TitanicApplication on yaos-MacBook-Pro.local with PID 23513 (/Users/yao/Desktop/titanic/target/classes started by yao in /Users/yao/Desktop/titanic)
2019-04-23 03:02:48.735 DEBUG 23513 --- [restartedMain] c.e.a.titanic.TitanicApplication         : Running with Spring Boot v2.1.4.RELEASE, Spring v5.1.6.RELEASE
2019-04-23 03:02:48.736  INFO 23513 --- [restartedMain] c.e.a.titanic.TitanicApplication         : No active profile set, falling back to default profiles: default
2019-04-23 03:02:48.792  INFO 23513 --- [restartedMain] .e.DevToolsPropertyDefaultsPostProcessor : Devtools property defaults active! Set 'spring.devtools.add-properties' to 'false' to disable
2019-04-23 03:02:48.794  INFO 23513 --- [restartedMain] .e.DevToolsPropertyDefaultsPostProcessor : For additional web related logging consider setting the 'logging.level.web' property to 'DEBUG'
2019-04-23 03:02:49.378  INFO 23513 --- [restartedMain] .s.d.r.c.RepositoryConfigurationDelegate : Bootstrapping Spring Data repositories in DEFAULT mode.
2019-04-23 03:02:49.426  INFO 23513 --- [restartedMain] .s.d.r.c.RepositoryConfigurationDelegate : Finished Spring Data repository scanning in 42ms. Found 1 repository interfaces.
2019-04-23 03:02:49.878  INFO 23513 --- [restartedMain] trationDelegate$BeanPostProcessorChecker : Bean 'org.springframework.transaction.annotation.ProxyTransactionManagementConfiguration' of type [org.springframework.transaction.annotation.ProxyTransactionManagementConfiguration$$EnhancerBySpringCGLIB$$369ab598] is not eligible for getting processed by all BeanPostProcessors (for example: not eligible for auto-proxying)
2019-04-23 03:02:50.201  INFO 23513 --- [restartedMain] o.s.b.w.embedded.tomcat.TomcatWebServer  : Tomcat initialized with port(s): 8086 (http)
2019-04-23 03:02:50.222  INFO 23513 --- [restartedMain] o.apache.catalina.core.StandardService   : Starting service [Tomcat]
2019-04-23 03:02:50.223  INFO 23513 --- [restartedMain] org.apache.catalina.core.StandardEngine  : Starting Servlet engine: [Apache Tomcat/9.0.17]
2019-04-23 03:02:50.446  INFO 23513 --- [restartedMain] org.apache.jasper.servlet.TldScanner     : At least one JAR was scanned for TLDs yet contained no TLDs. Enable debug logging for this logger for a complete list of JARs that were scanned but no TLDs were found in them. Skipping unneeded JARs during scanning can improve startup time and JSP compilation time.
2019-04-23 03:02:50.453  INFO 23513 --- [restartedMain] o.a.c.c.C.[Tomcat].[localhost].[/]       : Initializing Spring embedded WebApplicationContext
2019-04-23 03:02:50.453 DEBUG 23513 --- [restartedMain] o.s.web.context.ContextLoader            : Published root WebApplicationContext as ServletContext attribute with name [org.springframework.web.context.WebApplicationContext.ROOT]
2019-04-23 03:02:50.453  INFO 23513 --- [restartedMain] o.s.web.context.ContextLoader            : Root WebApplicationContext: initialization completed in 1659 ms
2019-04-23 03:02:50.603  INFO 23513 --- [restartedMain] o.hibernate.jpa.internal.util.LogHelper  : HHH000204: Processing PersistenceUnitInfo [
	name: default
	...]
2019-04-23 03:02:50.728  INFO 23513 --- [restartedMain] org.hibernate.Version                    : HHH000412: Hibernate Core {5.3.9.Final}
2019-04-23 03:02:50.729  INFO 23513 --- [restartedMain] org.hibernate.cfg.Environment            : HHH000206: hibernate.properties not found
2019-04-23 03:02:50.823  INFO 23513 --- [restartedMain] o.hibernate.annotations.common.Version   : HCANN000001: Hibernate Commons Annotations {5.0.4.Final}
2019-04-23 03:02:50.926  INFO 23513 --- [restartedMain] com.zaxxer.hikari.HikariDataSource       : HikariPool-1 - Starting...
2019-04-23 03:02:51.275  INFO 23513 --- [restartedMain] com.zaxxer.hikari.HikariDataSource       : HikariPool-1 - Start completed.
2019-04-23 03:02:51.282  INFO 23513 --- [restartedMain] org.hibernate.dialect.Dialect            : HHH000400: Using dialect: org.hibernate.dialect.MySQL5Dialect
2019-04-23 03:02:51.832  INFO 23513 --- [restartedMain] j.LocalContainerEntityManagerFactoryBean : Initialized JPA EntityManagerFactory for persistence unit 'default'
2019-04-23 03:02:51.871  INFO 23513 --- [restartedMain] o.s.b.d.a.OptionalLiveReloadServer       : LiveReload server is running on port 35729
2019-04-23 03:02:52.092  INFO 23513 --- [restartedMain] o.h.h.i.QueryTranslatorFactoryInitiator  : HHH000397: Using ASTQueryTranslatorFactory
2019-04-23 03:02:52.191 DEBUG 23513 --- [restartedMain] o.s.w.s.handler.SimpleUrlHandlerMapping  : Patterns [/**/favicon.ico] in 'faviconHandlerMapping'
2019-04-23 03:02:52.313  INFO 23513 --- [restartedMain] o.s.s.concurrent.ThreadPoolTaskExecutor  : Initializing ExecutorService 'applicationTaskExecutor'
2019-04-23 03:02:52.323 DEBUG 23513 --- [restartedMain] s.w.s.m.m.a.RequestMappingHandlerAdapter : ControllerAdvice beans: 0 @ModelAttribute, 0 @InitBinder, 1 RequestBodyAdvice, 1 ResponseBodyAdvice
2019-04-23 03:02:52.343  WARN 23513 --- [restartedMain] aWebConfiguration$JpaWebMvcConfiguration : spring.jpa.open-in-view is enabled by default. Therefore, database queries may be performed during view rendering. Explicitly configure spring.jpa.open-in-view to disable this warning
2019-04-23 03:02:52.368 DEBUG 23513 --- [restartedMain] s.w.s.m.m.a.RequestMappingHandlerMapping : 6 mappings in 'requestMappingHandlerMapping'
2019-04-23 03:02:52.379 DEBUG 23513 --- [restartedMain] o.s.w.s.handler.SimpleUrlHandlerMapping  : Patterns [/webjars/**, /**] in 'resourceHandlerMapping'
2019-04-23 03:02:52.387 DEBUG 23513 --- [restartedMain] .m.m.a.ExceptionHandlerExceptionResolver : ControllerAdvice beans: 0 @ExceptionHandler, 1 ResponseBodyAdvice
2019-04-23 03:02:52.585  INFO 23513 --- [restartedMain] o.s.b.w.embedded.tomcat.TomcatWebServer  : Tomcat started on port(s): 8086 (http) with context path ''
2019-04-23 03:02:52.588  INFO 23513 --- [restartedMain] c.e.a.titanic.TitanicApplication         : Started TitanicApplication in 4.184 seconds (JVM running for 4.937)
2019-04-23 03:04:54.213  INFO 23513 --- [Thread-17] o.s.s.concurrent.ThreadPoolTaskExecutor  : Shutting down ExecutorService 'applicationTaskExecutor'
2019-04-23 03:04:54.216  INFO 23513 --- [Thread-17] j.LocalContainerEntityManagerFactoryBean : Closing JPA EntityManagerFactory for persistence unit 'default'
2019-04-23 03:04:54.224  INFO 23513 --- [Thread-17] com.zaxxer.hikari.HikariDataSource       : HikariPool-1 - Shutdown initiated...
2019-04-23 03:04:54.230  INFO 23513 --- [Thread-17] com.zaxxer.hikari.HikariDataSource       : HikariPool-1 - Shutdown completed.
2019-04-23 03:04:59.293  INFO 23520 --- [restartedMain] c.e.a.titanic.TitanicApplication         : Starting TitanicApplication on yaos-MacBook-Pro.local with PID 23520 (/Users/yao/Desktop/titanic/target/classes started by yao in /Users/yao/Desktop/titanic)
2019-04-23 03:04:59.296 DEBUG 23520 --- [restartedMain] c.e.a.titanic.TitanicApplication         : Running with Spring Boot v2.1.4.RELEASE, Spring v5.1.6.RELEASE
2019-04-23 03:04:59.297  INFO 23520 --- [restartedMain] c.e.a.titanic.TitanicApplication         : No active profile set, falling back to default profiles: default
2019-04-23 03:04:59.345  INFO 23520 --- [restartedMain] .e.DevToolsPropertyDefaultsPostProcessor : Devtools property defaults active! Set 'spring.devtools.add-properties' to 'false' to disable
2019-04-23 03:04:59.346  INFO 23520 --- [restartedMain] .e.DevToolsPropertyDefaultsPostProcessor : For additional web related logging consider setting the 'logging.level.web' property to 'DEBUG'
2019-04-23 03:05:00.080  INFO 23520 --- [restartedMain] .s.d.r.c.RepositoryConfigurationDelegate : Bootstrapping Spring Data repositories in DEFAULT mode.
2019-04-23 03:05:00.136  INFO 23520 --- [restartedMain] .s.d.r.c.RepositoryConfigurationDelegate : Finished Spring Data repository scanning in 49ms. Found 1 repository interfaces.
2019-04-23 03:05:00.752  INFO 23520 --- [restartedMain] trationDelegate$BeanPostProcessorChecker : Bean 'org.springframework.transaction.annotation.ProxyTransactionManagementConfiguration' of type [org.springframework.transaction.annotation.ProxyTransactionManagementConfiguration$$EnhancerBySpringCGLIB$$c8775ba1] is not eligible for getting processed by all BeanPostProcessors (for example: not eligible for auto-proxying)
2019-04-23 03:05:01.098  INFO 23520 --- [restartedMain] o.s.b.w.embedded.tomcat.TomcatWebServer  : Tomcat initialized with port(s): 8086 (http)
2019-04-23 03:05:01.125  INFO 23520 --- [restartedMain] o.apache.catalina.core.StandardService   : Starting service [Tomcat]
2019-04-23 03:05:01.125  INFO 23520 --- [restartedMain] org.apache.catalina.core.StandardEngine  : Starting Servlet engine: [Apache Tomcat/9.0.17]
2019-04-23 03:05:01.374  INFO 23520 --- [restartedMain] org.apache.jasper.servlet.TldScanner     : At least one JAR was scanned for TLDs yet contained no TLDs. Enable debug logging for this logger for a complete list of JARs that were scanned but no TLDs were found in them. Skipping unneeded JARs during scanning can improve startup time and JSP compilation time.
2019-04-23 03:05:01.378  INFO 23520 --- [restartedMain] o.a.c.c.C.[Tomcat].[localhost].[/]       : Initializing Spring embedded WebApplicationContext
2019-04-23 03:05:01.378 DEBUG 23520 --- [restartedMain] o.s.web.context.ContextLoader            : Published root WebApplicationContext as ServletContext attribute with name [org.springframework.web.context.WebApplicationContext.ROOT]
2019-04-23 03:05:01.378  INFO 23520 --- [restartedMain] o.s.web.context.ContextLoader            : Root WebApplicationContext: initialization completed in 2032 ms
2019-04-23 03:05:01.549  INFO 23520 --- [restartedMain] o.hibernate.jpa.internal.util.LogHelper  : HHH000204: Processing PersistenceUnitInfo [
	name: default
	...]
2019-04-23 03:05:01.666  INFO 23520 --- [restartedMain] org.hibernate.Version                    : HHH000412: Hibernate Core {5.3.9.Final}
2019-04-23 03:05:01.667  INFO 23520 --- [restartedMain] org.hibernate.cfg.Environment            : HHH000206: hibernate.properties not found
2019-04-23 03:05:01.765  INFO 23520 --- [restartedMain] o.hibernate.annotations.common.Version   : HCANN000001: Hibernate Commons Annotations {5.0.4.Final}
2019-04-23 03:05:01.876  INFO 23520 --- [restartedMain] com.zaxxer.hikari.HikariDataSource       : HikariPool-1 - Starting...
2019-04-23 03:05:02.240  INFO 23520 --- [restartedMain] com.zaxxer.hikari.HikariDataSource       : HikariPool-1 - Start completed.
2019-04-23 03:05:02.248  INFO 23520 --- [restartedMain] org.hibernate.dialect.Dialect            : HHH000400: Using dialect: org.hibernate.dialect.MySQL5Dialect
2019-04-23 03:05:02.860  INFO 23520 --- [restartedMain] j.LocalContainerEntityManagerFactoryBean : Initialized JPA EntityManagerFactory for persistence unit 'default'
2019-04-23 03:05:02.909  INFO 23520 --- [restartedMain] o.s.b.d.a.OptionalLiveReloadServer       : LiveReload server is running on port 35729
2019-04-23 03:05:03.146  INFO 23520 --- [restartedMain] o.h.h.i.QueryTranslatorFactoryInitiator  : HHH000397: Using ASTQueryTranslatorFactory
2019-04-23 03:05:03.246 DEBUG 23520 --- [restartedMain] o.s.w.s.handler.SimpleUrlHandlerMapping  : Patterns [/**/favicon.ico] in 'faviconHandlerMapping'
2019-04-23 03:05:03.375  INFO 23520 --- [restartedMain] o.s.s.concurrent.ThreadPoolTaskExecutor  : Initializing ExecutorService 'applicationTaskExecutor'
2019-04-23 03:05:03.386 DEBUG 23520 --- [restartedMain] s.w.s.m.m.a.RequestMappingHandlerAdapter : ControllerAdvice beans: 0 @ModelAttribute, 0 @InitBinder, 1 RequestBodyAdvice, 1 ResponseBodyAdvice
2019-04-23 03:05:03.406  WARN 23520 --- [restartedMain] aWebConfiguration$JpaWebMvcConfiguration : spring.jpa.open-in-view is enabled by default. Therefore, database queries may be performed during view rendering. Explicitly configure spring.jpa.open-in-view to disable this warning
2019-04-23 03:05:03.430 DEBUG 23520 --- [restartedMain] s.w.s.m.m.a.RequestMappingHandlerMapping : 6 mappings in 'requestMappingHandlerMapping'
2019-04-23 03:05:03.442 DEBUG 23520 --- [restartedMain] o.s.w.s.handler.SimpleUrlHandlerMapping  : Patterns [/webjars/**, /**] in 'resourceHandlerMapping'
2019-04-23 03:05:03.449 DEBUG 23520 --- [restartedMain] .m.m.a.ExceptionHandlerExceptionResolver : ControllerAdvice beans: 0 @ExceptionHandler, 1 ResponseBodyAdvice
2019-04-23 03:05:03.653  INFO 23520 --- [restartedMain] o.s.b.w.embedded.tomcat.TomcatWebServer  : Tomcat started on port(s): 8086 (http) with context path ''
2019-04-23 03:05:03.656  INFO 23520 --- [restartedMain] c.e.a.titanic.TitanicApplication         : Started TitanicApplication in 4.736 seconds (JVM running for 5.552)
2019-04-23 03:06:06.877  INFO 23520 --- [Thread-18] o.s.s.concurrent.ThreadPoolTaskExecutor  : Shutting down ExecutorService 'applicationTaskExecutor'
2019-04-23 03:06:06.879  INFO 23520 --- [Thread-18] j.LocalContainerEntityManagerFactoryBean : Closing JPA EntityManagerFactory for persistence unit 'default'
2019-04-23 03:06:06.883  INFO 23520 --- [Thread-18] com.zaxxer.hikari.HikariDataSource       : HikariPool-1 - Shutdown initiated...
2019-04-23 03:06:06.907  INFO 23520 --- [Thread-18] com.zaxxer.hikari.HikariDataSource       : HikariPool-1 - Shutdown completed.
2019-04-23 03:06:12.447  INFO 23523 --- [restartedMain] c.e.a.titanic.TitanicApplication         : Starting TitanicApplication on yaos-MacBook-Pro.local with PID 23523 (/Users/yao/Desktop/titanic/target/classes started by yao in /Users/yao/Desktop/titanic)
2019-04-23 03:06:12.450 DEBUG 23523 --- [restartedMain] c.e.a.titanic.TitanicApplication         : Running with Spring Boot v2.1.4.RELEASE, Spring v5.1.6.RELEASE
2019-04-23 03:06:12.450  INFO 23523 --- [restartedMain] c.e.a.titanic.TitanicApplication         : No active profile set, falling back to default profiles: default
2019-04-23 03:06:12.502  INFO 23523 --- [restartedMain] .e.DevToolsPropertyDefaultsPostProcessor : Devtools property defaults active! Set 'spring.devtools.add-properties' to 'false' to disable
2019-04-23 03:06:12.502  INFO 23523 --- [restartedMain] .e.DevToolsPropertyDefaultsPostProcessor : For additional web related logging consider setting the 'logging.level.web' property to 'DEBUG'
2019-04-23 03:06:13.084  INFO 23523 --- [restartedMain] .s.d.r.c.RepositoryConfigurationDelegate : Bootstrapping Spring Data repositories in DEFAULT mode.
2019-04-23 03:06:13.138  INFO 23523 --- [restartedMain] .s.d.r.c.RepositoryConfigurationDelegate : Finished Spring Data repository scanning in 46ms. Found 1 repository interfaces.
2019-04-23 03:06:13.584  INFO 23523 --- [restartedMain] trationDelegate$BeanPostProcessorChecker : Bean 'org.springframework.transaction.annotation.ProxyTransactionManagementConfiguration' of type [org.springframework.transaction.annotation.ProxyTransactionManagementConfiguration$$EnhancerBySpringCGLIB$$ae3e07a4] is not eligible for getting processed by all BeanPostProcessors (for example: not eligible for auto-proxying)
2019-04-23 03:06:13.896  INFO 23523 --- [restartedMain] o.s.b.w.embedded.tomcat.TomcatWebServer  : Tomcat initialized with port(s): 8086 (http)
2019-04-23 03:06:13.919  INFO 23523 --- [restartedMain] o.apache.catalina.core.StandardService   : Starting service [Tomcat]
2019-04-23 03:06:13.919  INFO 23523 --- [restartedMain] org.apache.catalina.core.StandardEngine  : Starting Servlet engine: [Apache Tomcat/9.0.17]
2019-04-23 03:06:14.154  INFO 23523 --- [restartedMain] org.apache.jasper.servlet.TldScanner     : At least one JAR was scanned for TLDs yet contained no TLDs. Enable debug logging for this logger for a complete list of JARs that were scanned but no TLDs were found in them. Skipping unneeded JARs during scanning can improve startup time and JSP compilation time.
2019-04-23 03:06:14.161  INFO 23523 --- [restartedMain] o.a.c.c.C.[Tomcat].[localhost].[/]       : Initializing Spring embedded WebApplicationContext
2019-04-23 03:06:14.161 DEBUG 23523 --- [restartedMain] o.s.web.context.ContextLoader            : Published root WebApplicationContext as ServletContext attribute with name [org.springframework.web.context.WebApplicationContext.ROOT]
2019-04-23 03:06:14.161  INFO 23523 --- [restartedMain] o.s.web.context.ContextLoader            : Root WebApplicationContext: initialization completed in 1659 ms
2019-04-23 03:06:14.316  INFO 23523 --- [restartedMain] o.hibernate.jpa.internal.util.LogHelper  : HHH000204: Processing PersistenceUnitInfo [
	name: default
	...]
2019-04-23 03:06:14.560  INFO 23523 --- [restartedMain] org.hibernate.Version                    : HHH000412: Hibernate Core {5.3.9.Final}
2019-04-23 03:06:14.562  INFO 23523 --- [restartedMain] org.hibernate.cfg.Environment            : HHH000206: hibernate.properties not found
2019-04-23 03:06:14.709  INFO 23523 --- [restartedMain] o.hibernate.annotations.common.Version   : HCANN000001: Hibernate Commons Annotations {5.0.4.Final}
2019-04-23 03:06:14.824  INFO 23523 --- [restartedMain] com.zaxxer.hikari.HikariDataSource       : HikariPool-1 - Starting...
2019-04-23 03:06:15.196  INFO 23523 --- [restartedMain] com.zaxxer.hikari.HikariDataSource       : HikariPool-1 - Start completed.
2019-04-23 03:06:15.204  INFO 23523 --- [restartedMain] org.hibernate.dialect.Dialect            : HHH000400: Using dialect: org.hibernate.dialect.MySQL5Dialect
2019-04-23 03:06:15.784  INFO 23523 --- [restartedMain] j.LocalContainerEntityManagerFactoryBean : Initialized JPA EntityManagerFactory for persistence unit 'default'
2019-04-23 03:06:15.856  INFO 23523 --- [restartedMain] o.s.b.d.a.OptionalLiveReloadServer       : LiveReload server is running on port 35729
2019-04-23 03:06:16.072  INFO 23523 --- [restartedMain] o.h.h.i.QueryTranslatorFactoryInitiator  : HHH000397: Using ASTQueryTranslatorFactory
2019-04-23 03:06:16.177 DEBUG 23523 --- [restartedMain] o.s.w.s.handler.SimpleUrlHandlerMapping  : Patterns [/**/favicon.ico] in 'faviconHandlerMapping'
2019-04-23 03:06:16.311  INFO 23523 --- [restartedMain] o.s.s.concurrent.ThreadPoolTaskExecutor  : Initializing ExecutorService 'applicationTaskExecutor'
2019-04-23 03:06:16.324 DEBUG 23523 --- [restartedMain] s.w.s.m.m.a.RequestMappingHandlerAdapter : ControllerAdvice beans: 0 @ModelAttribute, 0 @InitBinder, 1 RequestBodyAdvice, 1 ResponseBodyAdvice
2019-04-23 03:06:16.346  WARN 23523 --- [restartedMain] aWebConfiguration$JpaWebMvcConfiguration : spring.jpa.open-in-view is enabled by default. Therefore, database queries may be performed during view rendering. Explicitly configure spring.jpa.open-in-view to disable this warning
2019-04-23 03:06:16.372 DEBUG 23523 --- [restartedMain] s.w.s.m.m.a.RequestMappingHandlerMapping : 6 mappings in 'requestMappingHandlerMapping'
2019-04-23 03:06:16.382 DEBUG 23523 --- [restartedMain] o.s.w.s.handler.SimpleUrlHandlerMapping  : Patterns [/webjars/**, /**] in 'resourceHandlerMapping'
2019-04-23 03:06:16.390 DEBUG 23523 --- [restartedMain] .m.m.a.ExceptionHandlerExceptionResolver : ControllerAdvice beans: 0 @ExceptionHandler, 1 ResponseBodyAdvice
2019-04-23 03:06:16.603  INFO 23523 --- [restartedMain] o.s.b.w.embedded.tomcat.TomcatWebServer  : Tomcat started on port(s): 8086 (http) with context path ''
2019-04-23 03:06:16.606  INFO 23523 --- [restartedMain] c.e.a.titanic.TitanicApplication         : Started TitanicApplication in 4.478 seconds (JVM running for 5.094)
2019-04-23 03:35:34.740  WARN 23523 --- [HikariPool-1 housekeeper] com.zaxxer.hikari.pool.HikariPool        : HikariPool-1 - Thread starvation or clock leap detected (housekeeper delta=7m49s347ms).
2019-04-23 12:19:23.650  WARN 23523 --- [HikariPool-1 housekeeper] com.zaxxer.hikari.pool.HikariPool        : HikariPool-1 - Thread starvation or clock leap detected (housekeeper delta=8h42m48s723ms).
2019-04-23 12:22:22.048  INFO 23523 --- [Thread-17] o.s.s.concurrent.ThreadPoolTaskExecutor  : Shutting down ExecutorService 'applicationTaskExecutor'
2019-04-23 12:22:22.056  INFO 23523 --- [Thread-17] j.LocalContainerEntityManagerFactoryBean : Closing JPA EntityManagerFactory for persistence unit 'default'
2019-04-23 12:22:22.094  INFO 23523 --- [Thread-17] com.zaxxer.hikari.HikariDataSource       : HikariPool-1 - Shutdown initiated...
2019-04-23 12:22:22.119  INFO 23523 --- [Thread-17] com.zaxxer.hikari.HikariDataSource       : HikariPool-1 - Shutdown completed.
2019-04-23 13:08:05.105  INFO 23881 --- [main] c.e.a.titanic.TitanicApplication         : Starting TitanicApplication v0.0.1-SNAPSHOT on yaos-MacBook-Pro.local with PID 23881 (/Users/yao/Desktop/titanic/target/titanic-0.0.1-SNAPSHOT.jar started by yao in /Users/yao/Desktop/titanic/target)
2019-04-23 13:08:05.109 DEBUG 23881 --- [main] c.e.a.titanic.TitanicApplication         : Running with Spring Boot v2.1.4.RELEASE, Spring v5.1.6.RELEASE
2019-04-23 13:08:05.110  INFO 23881 --- [main] c.e.a.titanic.TitanicApplication         : No active profile set, falling back to default profiles: default
2019-04-23 13:08:05.918  INFO 23881 --- [main] .s.d.r.c.RepositoryConfigurationDelegate : Bootstrapping Spring Data repositories in DEFAULT mode.
2019-04-23 13:08:06.022  INFO 23881 --- [main] .s.d.r.c.RepositoryConfigurationDelegate : Finished Spring Data repository scanning in 90ms. Found 1 repository interfaces.
2019-04-23 13:08:06.699  INFO 23881 --- [main] trationDelegate$BeanPostProcessorChecker : Bean 'org.springframework.transaction.annotation.ProxyTransactionManagementConfiguration' of type [org.springframework.transaction.annotation.ProxyTransactionManagementConfiguration$$EnhancerBySpringCGLIB$$3a1ed946] is not eligible for getting processed by all BeanPostProcessors (for example: not eligible for auto-proxying)
2019-04-23 13:08:07.171  INFO 23881 --- [main] o.s.b.w.embedded.tomcat.TomcatWebServer  : Tomcat initialized with port(s): 8086 (http)
2019-04-23 13:08:07.218  INFO 23881 --- [main] o.apache.catalina.core.StandardService   : Starting service [Tomcat]
2019-04-23 13:08:07.219  INFO 23881 --- [main] org.apache.catalina.core.StandardEngine  : Starting Servlet engine: [Apache Tomcat/9.0.17]
2019-04-23 13:08:07.628  INFO 23881 --- [main] org.apache.jasper.servlet.TldScanner     : At least one JAR was scanned for TLDs yet contained no TLDs. Enable debug logging for this logger for a complete list of JARs that were scanned but no TLDs were found in them. Skipping unneeded JARs during scanning can improve startup time and JSP compilation time.
2019-04-23 13:08:07.855  INFO 23881 --- [main] o.a.c.c.C.[Tomcat].[localhost].[/]       : Initializing Spring embedded WebApplicationContext
2019-04-23 13:08:07.856 DEBUG 23881 --- [main] o.s.web.context.ContextLoader            : Published root WebApplicationContext as ServletContext attribute with name [org.springframework.web.context.WebApplicationContext.ROOT]
2019-04-23 13:08:07.856  INFO 23881 --- [main] o.s.web.context.ContextLoader            : Root WebApplicationContext: initialization completed in 2673 ms
2019-04-23 13:08:08.213  INFO 23881 --- [main] o.hibernate.jpa.internal.util.LogHelper  : HHH000204: Processing PersistenceUnitInfo [
	name: default
	...]
2019-04-23 13:08:08.329  INFO 23881 --- [main] org.hibernate.Version                    : HHH000412: Hibernate Core {5.3.9.Final}
2019-04-23 13:08:08.332  INFO 23881 --- [main] org.hibernate.cfg.Environment            : HHH000206: hibernate.properties not found
2019-04-23 13:08:08.556  INFO 23881 --- [main] o.hibernate.annotations.common.Version   : HCANN000001: Hibernate Commons Annotations {5.0.4.Final}
2019-04-23 13:08:08.908  INFO 23881 --- [main] com.zaxxer.hikari.HikariDataSource       : HikariPool-1 - Starting...
2019-04-23 13:08:09.571  INFO 23881 --- [main] com.zaxxer.hikari.HikariDataSource       : HikariPool-1 - Start completed.
2019-04-23 13:08:09.587  INFO 23881 --- [main] org.hibernate.dialect.Dialect            : HHH000400: Using dialect: org.hibernate.dialect.MySQL5Dialect
2019-04-23 13:08:10.446  INFO 23881 --- [main] j.LocalContainerEntityManagerFactoryBean : Initialized JPA EntityManagerFactory for persistence unit 'default'
2019-04-23 13:08:10.750  INFO 23881 --- [main] o.h.h.i.QueryTranslatorFactoryInitiator  : HHH000397: Using ASTQueryTranslatorFactory
2019-04-23 13:08:10.921 DEBUG 23881 --- [main] o.s.w.s.handler.SimpleUrlHandlerMapping  : Patterns [/**/favicon.ico] in 'faviconHandlerMapping'
2019-04-23 13:08:11.264  INFO 23881 --- [main] o.s.s.concurrent.ThreadPoolTaskExecutor  : Initializing ExecutorService 'applicationTaskExecutor'
2019-04-23 13:08:11.273 DEBUG 23881 --- [main] s.w.s.m.m.a.RequestMappingHandlerAdapter : ControllerAdvice beans: 0 @ModelAttribute, 0 @InitBinder, 1 RequestBodyAdvice, 1 ResponseBodyAdvice
2019-04-23 13:08:11.335  WARN 23881 --- [main] aWebConfiguration$JpaWebMvcConfiguration : spring.jpa.open-in-view is enabled by default. Therefore, database queries may be performed during view rendering. Explicitly configure spring.jpa.open-in-view to disable this warning
2019-04-23 13:08:11.379 DEBUG 23881 --- [main] s.w.s.m.m.a.RequestMappingHandlerMapping : 6 mappings in 'requestMappingHandlerMapping'
2019-04-23 13:08:11.396 DEBUG 23881 --- [main] o.s.w.s.handler.SimpleUrlHandlerMapping  : Patterns [/webjars/**, /**] in 'resourceHandlerMapping'
2019-04-23 13:08:11.415 DEBUG 23881 --- [main] .m.m.a.ExceptionHandlerExceptionResolver : ControllerAdvice beans: 0 @ExceptionHandler, 1 ResponseBodyAdvice
2019-04-23 13:08:11.697  INFO 23881 --- [main] o.s.b.w.embedded.tomcat.TomcatWebServer  : Tomcat started on port(s): 8086 (http) with context path ''
2019-04-23 13:08:11.700  INFO 23881 --- [main] c.e.a.titanic.TitanicApplication         : Started TitanicApplication in 7.233 seconds (JVM running for 7.855)
2019-04-23 13:09:52.311  INFO 23881 --- [Thread-3] o.s.s.concurrent.ThreadPoolTaskExecutor  : Shutting down ExecutorService 'applicationTaskExecutor'
2019-04-23 13:09:52.313  INFO 23881 --- [Thread-3] j.LocalContainerEntityManagerFactoryBean : Closing JPA EntityManagerFactory for persistence unit 'default'
2019-04-23 13:09:52.317  INFO 23881 --- [Thread-3] com.zaxxer.hikari.HikariDataSource       : HikariPool-1 - Shutdown initiated...
2019-04-23 13:09:52.329  INFO 23881 --- [Thread-3] com.zaxxer.hikari.HikariDataSource       : HikariPool-1 - Shutdown completed.
2019-04-23 13:44:27.966  INFO 23979 --- [restartedMain] c.e.a.titanic.TitanicApplication         : Starting TitanicApplication on yaos-MacBook-Pro.local with PID 23979 (/Users/yao/Desktop/titanic/target/classes started by yao in /Users/yao/Desktop/titanic)
2019-04-23 13:44:27.969 DEBUG 23979 --- [restartedMain] c.e.a.titanic.TitanicApplication         : Running with Spring Boot v2.1.4.RELEASE, Spring v5.1.6.RELEASE
2019-04-23 13:44:27.970  INFO 23979 --- [restartedMain] c.e.a.titanic.TitanicApplication         : No active profile set, falling back to default profiles: default
2019-04-23 13:44:28.026  INFO 23979 --- [restartedMain] .e.DevToolsPropertyDefaultsPostProcessor : Devtools property defaults active! Set 'spring.devtools.add-properties' to 'false' to disable
2019-04-23 13:44:28.026  INFO 23979 --- [restartedMain] .e.DevToolsPropertyDefaultsPostProcessor : For additional web related logging consider setting the 'logging.level.web' property to 'DEBUG'
2019-04-23 13:44:28.707  INFO 23979 --- [restartedMain] .s.d.r.c.RepositoryConfigurationDelegate : Bootstrapping Spring Data repositories in DEFAULT mode.
2019-04-23 13:44:28.760  INFO 23979 --- [restartedMain] .s.d.r.c.RepositoryConfigurationDelegate : Finished Spring Data repository scanning in 45ms. Found 1 repository interfaces.
2019-04-23 13:44:29.278  INFO 23979 --- [restartedMain] trationDelegate$BeanPostProcessorChecker : Bean 'org.springframework.transaction.annotation.ProxyTransactionManagementConfiguration' of type [org.springframework.transaction.annotation.ProxyTransactionManagementConfiguration$$EnhancerBySpringCGLIB$$4e7fa0d5] is not eligible for getting processed by all BeanPostProcessors (for example: not eligible for auto-proxying)
2019-04-23 13:44:29.715  INFO 23979 --- [restartedMain] o.s.b.w.embedded.tomcat.TomcatWebServer  : Tomcat initialized with port(s): 8086 (http)
2019-04-23 13:44:29.742  INFO 23979 --- [restartedMain] o.apache.catalina.core.StandardService   : Starting service [Tomcat]
2019-04-23 13:44:29.743  INFO 23979 --- [restartedMain] org.apache.catalina.core.StandardEngine  : Starting Servlet engine: [Apache Tomcat/9.0.17]
2019-04-23 13:44:30.024  INFO 23979 --- [restartedMain] org.apache.jasper.servlet.TldScanner     : At least one JAR was scanned for TLDs yet contained no TLDs. Enable debug logging for this logger for a complete list of JARs that were scanned but no TLDs were found in them. Skipping unneeded JARs during scanning can improve startup time and JSP compilation time.
2019-04-23 13:44:30.028  INFO 23979 --- [restartedMain] o.a.c.c.C.[Tomcat].[localhost].[/]       : Initializing Spring embedded WebApplicationContext
2019-04-23 13:44:30.028 DEBUG 23979 --- [restartedMain] o.s.web.context.ContextLoader            : Published root WebApplicationContext as ServletContext attribute with name [org.springframework.web.context.WebApplicationContext.ROOT]
2019-04-23 13:44:30.028  INFO 23979 --- [restartedMain] o.s.web.context.ContextLoader            : Root WebApplicationContext: initialization completed in 2002 ms
2019-04-23 13:44:30.233  INFO 23979 --- [restartedMain] o.hibernate.jpa.internal.util.LogHelper  : HHH000204: Processing PersistenceUnitInfo [
	name: default
	...]
2019-04-23 13:44:30.411  INFO 23979 --- [restartedMain] org.hibernate.Version                    : HHH000412: Hibernate Core {5.3.9.Final}
2019-04-23 13:44:30.412  INFO 23979 --- [restartedMain] org.hibernate.cfg.Environment            : HHH000206: hibernate.properties not found
2019-04-23 13:44:30.602  INFO 23979 --- [restartedMain] o.hibernate.annotations.common.Version   : HCANN000001: Hibernate Commons Annotations {5.0.4.Final}
2019-04-23 13:44:30.774  INFO 23979 --- [restartedMain] com.zaxxer.hikari.HikariDataSource       : HikariPool-1 - Starting...
2019-04-23 13:44:31.190  INFO 23979 --- [restartedMain] com.zaxxer.hikari.HikariDataSource       : HikariPool-1 - Start completed.
2019-04-23 13:44:31.204  INFO 23979 --- [restartedMain] org.hibernate.dialect.Dialect            : HHH000400: Using dialect: org.hibernate.dialect.MySQL5Dialect
2019-04-23 13:44:31.975  INFO 23979 --- [restartedMain] j.LocalContainerEntityManagerFactoryBean : Initialized JPA EntityManagerFactory for persistence unit 'default'
2019-04-23 13:44:32.019  INFO 23979 --- [restartedMain] o.s.b.d.a.OptionalLiveReloadServer       : LiveReload server is running on port 35729
2019-04-23 13:44:32.310  INFO 23979 --- [restartedMain] o.h.h.i.QueryTranslatorFactoryInitiator  : HHH000397: Using ASTQueryTranslatorFactory
2019-04-23 13:44:32.474 DEBUG 23979 --- [restartedMain] o.s.w.s.handler.SimpleUrlHandlerMapping  : Patterns [/**/favicon.ico] in 'faviconHandlerMapping'
2019-04-23 13:44:32.607  INFO 23979 --- [restartedMain] o.s.s.concurrent.ThreadPoolTaskExecutor  : Initializing ExecutorService 'applicationTaskExecutor'
2019-04-23 13:44:32.621 DEBUG 23979 --- [restartedMain] s.w.s.m.m.a.RequestMappingHandlerAdapter : ControllerAdvice beans: 0 @ModelAttribute, 0 @InitBinder, 1 RequestBodyAdvice, 1 ResponseBodyAdvice
2019-04-23 13:44:32.651  WARN 23979 --- [restartedMain] aWebConfiguration$JpaWebMvcConfiguration : spring.jpa.open-in-view is enabled by default. Therefore, database queries may be performed during view rendering. Explicitly configure spring.jpa.open-in-view to disable this warning
2019-04-23 13:44:32.682 DEBUG 23979 --- [restartedMain] s.w.s.m.m.a.RequestMappingHandlerMapping : 6 mappings in 'requestMappingHandlerMapping'
2019-04-23 13:44:32.694 DEBUG 23979 --- [restartedMain] o.s.w.s.handler.SimpleUrlHandlerMapping  : Patterns [/webjars/**, /**] in 'resourceHandlerMapping'
2019-04-23 13:44:32.701 DEBUG 23979 --- [restartedMain] .m.m.a.ExceptionHandlerExceptionResolver : ControllerAdvice beans: 0 @ExceptionHandler, 1 ResponseBodyAdvice
2019-04-23 13:44:32.946  INFO 23979 --- [restartedMain] o.s.b.w.embedded.tomcat.TomcatWebServer  : Tomcat started on port(s): 8086 (http) with context path ''
2019-04-23 13:44:32.955  INFO 23979 --- [restartedMain] c.e.a.titanic.TitanicApplication         : Started TitanicApplication in 5.368 seconds (JVM running for 6.514)
2019-04-23 15:32:58.544  INFO 23979 --- [Thread-20] o.s.s.concurrent.ThreadPoolTaskExecutor  : Shutting down ExecutorService 'applicationTaskExecutor'
2019-04-23 15:32:58.549  INFO 23979 --- [Thread-20] j.LocalContainerEntityManagerFactoryBean : Closing JPA EntityManagerFactory for persistence unit 'default'
2019-04-23 15:32:58.568  INFO 23979 --- [Thread-20] com.zaxxer.hikari.HikariDataSource       : HikariPool-1 - Shutdown initiated...
2019-04-23 15:32:58.580  INFO 23979 --- [Thread-20] com.zaxxer.hikari.HikariDataSource       : HikariPool-1 - Shutdown completed.
2019-04-23 15:33:05.095  INFO 24540 --- [restartedMain] c.e.a.titanic.TitanicApplication         : Starting TitanicApplication on yaos-MacBook-Pro.local with PID 24540 (/Users/yao/Desktop/titanic/target/classes started by yao in /Users/yao/Desktop/titanic)
2019-04-23 15:33:05.097 DEBUG 24540 --- [restartedMain] c.e.a.titanic.TitanicApplication         : Running with Spring Boot v2.1.4.RELEASE, Spring v5.1.6.RELEASE
2019-04-23 15:33:05.098  INFO 24540 --- [restartedMain] c.e.a.titanic.TitanicApplication         : No active profile set, falling back to default profiles: default
2019-04-23 15:33:05.174  INFO 24540 --- [restartedMain] .e.DevToolsPropertyDefaultsPostProcessor : Devtools property defaults active! Set 'spring.devtools.add-properties' to 'false' to disable
2019-04-23 15:33:05.174  INFO 24540 --- [restartedMain] .e.DevToolsPropertyDefaultsPostProcessor : For additional web related logging consider setting the 'logging.level.web' property to 'DEBUG'
2019-04-23 15:33:05.915  INFO 24540 --- [restartedMain] .s.d.r.c.RepositoryConfigurationDelegate : Bootstrapping Spring Data repositories in DEFAULT mode.
2019-04-23 15:33:05.989  INFO 24540 --- [restartedMain] .s.d.r.c.RepositoryConfigurationDelegate : Finished Spring Data repository scanning in 61ms. Found 1 repository interfaces.
2019-04-23 15:33:06.583  INFO 24540 --- [restartedMain] trationDelegate$BeanPostProcessorChecker : Bean 'org.springframework.transaction.annotation.ProxyTransactionManagementConfiguration' of type [org.springframework.transaction.annotation.ProxyTransactionManagementConfiguration$$EnhancerBySpringCGLIB$$b309f00f] is not eligible for getting processed by all BeanPostProcessors (for example: not eligible for auto-proxying)
2019-04-23 15:33:07.107  INFO 24540 --- [restartedMain] o.s.b.w.embedded.tomcat.TomcatWebServer  : Tomcat initialized with port(s): 8086 (http)
2019-04-23 15:33:07.146  INFO 24540 --- [restartedMain] o.apache.catalina.core.StandardService   : Starting service [Tomcat]
2019-04-23 15:33:07.147  INFO 24540 --- [restartedMain] org.apache.catalina.core.StandardEngine  : Starting Servlet engine: [Apache Tomcat/9.0.17]
2019-04-23 15:33:07.429  INFO 24540 --- [restartedMain] org.apache.jasper.servlet.TldScanner     : At least one JAR was scanned for TLDs yet contained no TLDs. Enable debug logging for this logger for a complete list of JARs that were scanned but no TLDs were found in them. Skipping unneeded JARs during scanning can improve startup time and JSP compilation time.
2019-04-23 15:33:07.439  INFO 24540 --- [restartedMain] o.a.c.c.C.[Tomcat].[localhost].[/]       : Initializing Spring embedded WebApplicationContext
2019-04-23 15:33:07.439 DEBUG 24540 --- [restartedMain] o.s.web.context.ContextLoader            : Published root WebApplicationContext as ServletContext attribute with name [org.springframework.web.context.WebApplicationContext.ROOT]
2019-04-23 15:33:07.439  INFO 24540 --- [restartedMain] o.s.web.context.ContextLoader            : Root WebApplicationContext: initialization completed in 2264 ms
2019-04-23 15:33:07.649  INFO 24540 --- [restartedMain] o.hibernate.jpa.internal.util.LogHelper  : HHH000204: Processing PersistenceUnitInfo [
	name: default
	...]
2019-04-23 15:33:07.821  INFO 24540 --- [restartedMain] org.hibernate.Version                    : HHH000412: Hibernate Core {5.3.9.Final}
2019-04-23 15:33:07.822  INFO 24540 --- [restartedMain] org.hibernate.cfg.Environment            : HHH000206: hibernate.properties not found
2019-04-23 15:33:08.002  INFO 24540 --- [restartedMain] o.hibernate.annotations.common.Version   : HCANN000001: Hibernate Commons Annotations {5.0.4.Final}
2019-04-23 15:33:08.173  INFO 24540 --- [restartedMain] com.zaxxer.hikari.HikariDataSource       : HikariPool-1 - Starting...
2019-04-23 15:33:08.624  INFO 24540 --- [restartedMain] com.zaxxer.hikari.HikariDataSource       : HikariPool-1 - Start completed.
2019-04-23 15:33:08.637  INFO 24540 --- [restartedMain] org.hibernate.dialect.Dialect            : HHH000400: Using dialect: org.hibernate.dialect.MySQL5Dialect
2019-04-23 15:33:09.354  INFO 24540 --- [restartedMain] j.LocalContainerEntityManagerFactoryBean : Initialized JPA EntityManagerFactory for persistence unit 'default'
2019-04-23 15:33:09.398  INFO 24540 --- [restartedMain] o.s.b.d.a.OptionalLiveReloadServer       : LiveReload server is running on port 35729
2019-04-23 15:33:09.717  INFO 24540 --- [restartedMain] o.h.h.i.QueryTranslatorFactoryInitiator  : HHH000397: Using ASTQueryTranslatorFactory
2019-04-23 15:33:09.860 DEBUG 24540 --- [restartedMain] o.s.w.s.handler.SimpleUrlHandlerMapping  : Patterns [/**/favicon.ico] in 'faviconHandlerMapping'
2019-04-23 15:33:09.997  INFO 24540 --- [restartedMain] o.s.s.concurrent.ThreadPoolTaskExecutor  : Initializing ExecutorService 'applicationTaskExecutor'
2019-04-23 15:33:10.011 DEBUG 24540 --- [restartedMain] s.w.s.m.m.a.RequestMappingHandlerAdapter : ControllerAdvice beans: 0 @ModelAttribute, 0 @InitBinder, 1 RequestBodyAdvice, 1 ResponseBodyAdvice
2019-04-23 15:33:10.040  WARN 24540 --- [restartedMain] aWebConfiguration$JpaWebMvcConfiguration : spring.jpa.open-in-view is enabled by default. Therefore, database queries may be performed during view rendering. Explicitly configure spring.jpa.open-in-view to disable this warning
2019-04-23 15:33:10.069 DEBUG 24540 --- [restartedMain] s.w.s.m.m.a.RequestMappingHandlerMapping : 6 mappings in 'requestMappingHandlerMapping'
2019-04-23 15:33:10.084 DEBUG 24540 --- [restartedMain] o.s.w.s.handler.SimpleUrlHandlerMapping  : Patterns [/webjars/**, /**] in 'resourceHandlerMapping'
2019-04-23 15:33:10.098 DEBUG 24540 --- [restartedMain] .m.m.a.ExceptionHandlerExceptionResolver : ControllerAdvice beans: 0 @ExceptionHandler, 1 ResponseBodyAdvice
2019-04-23 15:33:10.409  INFO 24540 --- [restartedMain] o.s.b.w.embedded.tomcat.TomcatWebServer  : Tomcat started on port(s): 8086 (http) with context path ''
2019-04-23 15:33:10.414  INFO 24540 --- [restartedMain] c.e.a.titanic.TitanicApplication         : Started TitanicApplication in 5.837 seconds (JVM running for 6.811)
2019-04-23 15:43:09.772  INFO 24540 --- [Thread-20] o.s.s.concurrent.ThreadPoolTaskExecutor  : Shutting down ExecutorService 'applicationTaskExecutor'
2019-04-23 15:43:09.778  INFO 24540 --- [Thread-20] j.LocalContainerEntityManagerFactoryBean : Closing JPA EntityManagerFactory for persistence unit 'default'
2019-04-23 15:43:09.796  INFO 24540 --- [Thread-20] com.zaxxer.hikari.HikariDataSource       : HikariPool-1 - Shutdown initiated...
2019-04-23 15:43:09.816  INFO 24540 --- [Thread-20] com.zaxxer.hikari.HikariDataSource       : HikariPool-1 - Shutdown completed.
2019-04-23 16:02:53.689  INFO 24789 --- [restartedMain] c.e.a.titanic.TitanicApplication         : Starting TitanicApplication on yaos-MacBook-Pro.local with PID 24789 (/Users/yao/Desktop/titanic/target/classes started by yao in /Users/yao/Desktop/titanic)
2019-04-23 16:02:53.691 DEBUG 24789 --- [restartedMain] c.e.a.titanic.TitanicApplication         : Running with Spring Boot v2.1.4.RELEASE, Spring v5.1.6.RELEASE
2019-04-23 16:02:53.692  INFO 24789 --- [restartedMain] c.e.a.titanic.TitanicApplication         : No active profile set, falling back to default profiles: default
2019-04-23 16:02:53.766  INFO 24789 --- [restartedMain] .e.DevToolsPropertyDefaultsPostProcessor : Devtools property defaults active! Set 'spring.devtools.add-properties' to 'false' to disable
2019-04-23 16:02:53.766  INFO 24789 --- [restartedMain] .e.DevToolsPropertyDefaultsPostProcessor : For additional web related logging consider setting the 'logging.level.web' property to 'DEBUG'
2019-04-23 16:02:54.389  INFO 24789 --- [restartedMain] .s.d.r.c.RepositoryConfigurationDelegate : Bootstrapping Spring Data repositories in DEFAULT mode.
2019-04-23 16:02:54.460  INFO 24789 --- [restartedMain] .s.d.r.c.RepositoryConfigurationDelegate : Finished Spring Data repository scanning in 59ms. Found 1 repository interfaces.
2019-04-23 16:02:55.024  INFO 24789 --- [restartedMain] trationDelegate$BeanPostProcessorChecker : Bean 'org.springframework.transaction.annotation.ProxyTransactionManagementConfiguration' of type [org.springframework.transaction.annotation.ProxyTransactionManagementConfiguration$$EnhancerBySpringCGLIB$$cb54c40b] is not eligible for getting processed by all BeanPostProcessors (for example: not eligible for auto-proxying)
2019-04-23 16:02:55.500  INFO 24789 --- [restartedMain] o.s.b.w.embedded.tomcat.TomcatWebServer  : Tomcat initialized with port(s): 8086 (http)
2019-04-23 16:02:55.529  INFO 24789 --- [restartedMain] o.apache.catalina.core.StandardService   : Starting service [Tomcat]
2019-04-23 16:02:55.529  INFO 24789 --- [restartedMain] org.apache.catalina.core.StandardEngine  : Starting Servlet engine: [Apache Tomcat/9.0.17]
2019-04-23 16:02:55.804  INFO 24789 --- [restartedMain] org.apache.jasper.servlet.TldScanner     : At least one JAR was scanned for TLDs yet contained no TLDs. Enable debug logging for this logger for a complete list of JARs that were scanned but no TLDs were found in them. Skipping unneeded JARs during scanning can improve startup time and JSP compilation time.
2019-04-23 16:02:55.809  INFO 24789 --- [restartedMain] o.a.c.c.C.[Tomcat].[localhost].[/]       : Initializing Spring embedded WebApplicationContext
2019-04-23 16:02:55.809 DEBUG 24789 --- [restartedMain] o.s.web.context.ContextLoader            : Published root WebApplicationContext as ServletContext attribute with name [org.springframework.web.context.WebApplicationContext.ROOT]
2019-04-23 16:02:55.809  INFO 24789 --- [restartedMain] o.s.web.context.ContextLoader            : Root WebApplicationContext: initialization completed in 2043 ms
2019-04-23 16:02:56.020  INFO 24789 --- [restartedMain] o.hibernate.jpa.internal.util.LogHelper  : HHH000204: Processing PersistenceUnitInfo [
	name: default
	...]
2019-04-23 16:02:56.210  INFO 24789 --- [restartedMain] org.hibernate.Version                    : HHH000412: Hibernate Core {5.3.9.Final}
2019-04-23 16:02:56.212  INFO 24789 --- [restartedMain] org.hibernate.cfg.Environment            : HHH000206: hibernate.properties not found
2019-04-23 16:02:56.414  INFO 24789 --- [restartedMain] o.hibernate.annotations.common.Version   : HCANN000001: Hibernate Commons Annotations {5.0.4.Final}
2019-04-23 16:02:56.597  INFO 24789 --- [restartedMain] com.zaxxer.hikari.HikariDataSource       : HikariPool-1 - Starting...
2019-04-23 16:02:57.081  INFO 24789 --- [restartedMain] com.zaxxer.hikari.HikariDataSource       : HikariPool-1 - Start completed.
2019-04-23 16:02:57.096  INFO 24789 --- [restartedMain] org.hibernate.dialect.Dialect            : HHH000400: Using dialect: org.hibernate.dialect.MySQL5Dialect
2019-04-23 16:02:57.882  INFO 24789 --- [restartedMain] j.LocalContainerEntityManagerFactoryBean : Initialized JPA EntityManagerFactory for persistence unit 'default'
2019-04-23 16:02:57.941  INFO 24789 --- [restartedMain] o.s.b.d.a.OptionalLiveReloadServer       : LiveReload server is running on port 35729
2019-04-23 16:02:58.358  INFO 24789 --- [restartedMain] o.h.h.i.QueryTranslatorFactoryInitiator  : HHH000397: Using ASTQueryTranslatorFactory
2019-04-23 16:02:58.495 DEBUG 24789 --- [restartedMain] o.s.w.s.handler.SimpleUrlHandlerMapping  : Patterns [/**/favicon.ico] in 'faviconHandlerMapping'
2019-04-23 16:02:58.644  INFO 24789 --- [restartedMain] o.s.s.concurrent.ThreadPoolTaskExecutor  : Initializing ExecutorService 'applicationTaskExecutor'
2019-04-23 16:02:58.675 DEBUG 24789 --- [restartedMain] s.w.s.m.m.a.RequestMappingHandlerAdapter : ControllerAdvice beans: 0 @ModelAttribute, 0 @InitBinder, 1 RequestBodyAdvice, 1 ResponseBodyAdvice
2019-04-23 16:02:58.718  WARN 24789 --- [restartedMain] aWebConfiguration$JpaWebMvcConfiguration : spring.jpa.open-in-view is enabled by default. Therefore, database queries may be performed during view rendering. Explicitly configure spring.jpa.open-in-view to disable this warning
2019-04-23 16:02:58.797 DEBUG 24789 --- [restartedMain] s.w.s.m.m.a.RequestMappingHandlerMapping : 6 mappings in 'requestMappingHandlerMapping'
2019-04-23 16:02:58.818 DEBUG 24789 --- [restartedMain] o.s.w.s.handler.SimpleUrlHandlerMapping  : Patterns [/webjars/**, /**] in 'resourceHandlerMapping'
2019-04-23 16:02:58.845 DEBUG 24789 --- [restartedMain] .m.m.a.ExceptionHandlerExceptionResolver : ControllerAdvice beans: 0 @ExceptionHandler, 1 ResponseBodyAdvice
2019-04-23 16:02:59.216  INFO 24789 --- [restartedMain] o.s.b.w.embedded.tomcat.TomcatWebServer  : Tomcat started on port(s): 8086 (http) with context path ''
2019-04-23 16:02:59.219  INFO 24789 --- [restartedMain] c.e.a.titanic.TitanicApplication         : Started TitanicApplication in 6.233 seconds (JVM running for 7.281)
2019-04-23 16:13:58.338  INFO 24789 --- [Thread-21] o.s.s.concurrent.ThreadPoolTaskExecutor  : Shutting down ExecutorService 'applicationTaskExecutor'
2019-04-23 16:13:58.346  INFO 24789 --- [Thread-21] j.LocalContainerEntityManagerFactoryBean : Closing JPA EntityManagerFactory for persistence unit 'default'
2019-04-23 16:13:58.358  INFO 24789 --- [Thread-21] com.zaxxer.hikari.HikariDataSource       : HikariPool-1 - Shutdown initiated...
2019-04-23 16:13:58.379  INFO 24789 --- [Thread-21] com.zaxxer.hikari.HikariDataSource       : HikariPool-1 - Shutdown completed.
2019-04-23 17:08:51.993  INFO 25143 --- [main] c.e.a.titanic.TitanicApplication         : Starting TitanicApplication v0.0.1-SNAPSHOT on yaos-MacBook-Pro.local with PID 25143 (/Users/yao/Desktop/titanic/target/titanic-0.0.1-SNAPSHOT.jar started by yao in /Users/yao/Desktop/titanic/target)
2019-04-23 17:08:51.996 DEBUG 25143 --- [main] c.e.a.titanic.TitanicApplication         : Running with Spring Boot v2.1.4.RELEASE, Spring v5.1.6.RELEASE
2019-04-23 17:08:51.997  INFO 25143 --- [main] c.e.a.titanic.TitanicApplication         : No active profile set, falling back to default profiles: default
2019-04-23 17:08:53.282  INFO 25143 --- [main] .s.d.r.c.RepositoryConfigurationDelegate : Bootstrapping Spring Data repositories in DEFAULT mode.
2019-04-23 17:08:53.382  INFO 25143 --- [main] .s.d.r.c.RepositoryConfigurationDelegate : Finished Spring Data repository scanning in 89ms. Found 1 repository interfaces.
2019-04-23 17:08:54.115  INFO 25143 --- [main] trationDelegate$BeanPostProcessorChecker : Bean 'org.springframework.transaction.annotation.ProxyTransactionManagementConfiguration' of type [org.springframework.transaction.annotation.ProxyTransactionManagementConfiguration$$EnhancerBySpringCGLIB$$7ffca964] is not eligible for getting processed by all BeanPostProcessors (for example: not eligible for auto-proxying)
2019-04-23 17:08:54.773  INFO 25143 --- [main] o.s.b.w.embedded.tomcat.TomcatWebServer  : Tomcat initialized with port(s): 8086 (http)
2019-04-23 17:08:54.828  INFO 25143 --- [main] o.apache.catalina.core.StandardService   : Starting service [Tomcat]
2019-04-23 17:08:54.829  INFO 25143 --- [main] org.apache.catalina.core.StandardEngine  : Starting Servlet engine: [Apache Tomcat/9.0.17]
2019-04-23 17:08:55.602  INFO 25143 --- [main] org.apache.jasper.servlet.TldScanner     : At least one JAR was scanned for TLDs yet contained no TLDs. Enable debug logging for this logger for a complete list of JARs that were scanned but no TLDs were found in them. Skipping unneeded JARs during scanning can improve startup time and JSP compilation time.
2019-04-23 17:08:55.895  INFO 25143 --- [main] o.a.c.c.C.[Tomcat].[localhost].[/]       : Initializing Spring embedded WebApplicationContext
2019-04-23 17:08:55.895 DEBUG 25143 --- [main] o.s.web.context.ContextLoader            : Published root WebApplicationContext as ServletContext attribute with name [org.springframework.web.context.WebApplicationContext.ROOT]
2019-04-23 17:08:55.895  INFO 25143 --- [main] o.s.web.context.ContextLoader            : Root WebApplicationContext: initialization completed in 3832 ms
2019-04-23 17:08:56.131  INFO 25143 --- [main] o.hibernate.jpa.internal.util.LogHelper  : HHH000204: Processing PersistenceUnitInfo [
	name: default
	...]
2019-04-23 17:08:56.245  INFO 25143 --- [main] org.hibernate.Version                    : HHH000412: Hibernate Core {5.3.9.Final}
2019-04-23 17:08:56.247  INFO 25143 --- [main] org.hibernate.cfg.Environment            : HHH000206: hibernate.properties not found
2019-04-23 17:08:56.436  INFO 25143 --- [main] o.hibernate.annotations.common.Version   : HCANN000001: Hibernate Commons Annotations {5.0.4.Final}
2019-04-23 17:08:56.874  INFO 25143 --- [main] com.zaxxer.hikari.HikariDataSource       : HikariPool-1 - Starting...
2019-04-23 17:08:57.629  INFO 25143 --- [main] com.zaxxer.hikari.HikariDataSource       : HikariPool-1 - Start completed.
2019-04-23 17:08:57.651  INFO 25143 --- [main] org.hibernate.dialect.Dialect            : HHH000400: Using dialect: org.hibernate.dialect.MySQL5Dialect
2019-04-23 17:08:58.567  INFO 25143 --- [main] j.LocalContainerEntityManagerFactoryBean : Initialized JPA EntityManagerFactory for persistence unit 'default'
2019-04-23 17:08:59.011  INFO 25143 --- [main] o.h.h.i.QueryTranslatorFactoryInitiator  : HHH000397: Using ASTQueryTranslatorFactory
2019-04-23 17:08:59.530 DEBUG 25143 --- [main] o.s.w.s.handler.SimpleUrlHandlerMapping  : Patterns [/**/favicon.ico] in 'faviconHandlerMapping'
2019-04-23 17:08:59.756  INFO 25143 --- [main] o.s.s.concurrent.ThreadPoolTaskExecutor  : Initializing ExecutorService 'applicationTaskExecutor'
2019-04-23 17:08:59.771 DEBUG 25143 --- [main] s.w.s.m.m.a.RequestMappingHandlerAdapter : ControllerAdvice beans: 0 @ModelAttribute, 0 @InitBinder, 1 RequestBodyAdvice, 1 ResponseBodyAdvice
2019-04-23 17:08:59.831  WARN 25143 --- [main] aWebConfiguration$JpaWebMvcConfiguration : spring.jpa.open-in-view is enabled by default. Therefore, database queries may be performed during view rendering. Explicitly configure spring.jpa.open-in-view to disable this warning
2019-04-23 17:08:59.878 DEBUG 25143 --- [main] s.w.s.m.m.a.RequestMappingHandlerMapping : 6 mappings in 'requestMappingHandlerMapping'
2019-04-23 17:08:59.903 DEBUG 25143 --- [main] o.s.w.s.handler.SimpleUrlHandlerMapping  : Patterns [/webjars/**, /**] in 'resourceHandlerMapping'
2019-04-23 17:08:59.927 DEBUG 25143 --- [main] .m.m.a.ExceptionHandlerExceptionResolver : ControllerAdvice beans: 0 @ExceptionHandler, 1 ResponseBodyAdvice
2019-04-23 17:09:00.341  INFO 25143 --- [main] o.s.b.w.embedded.tomcat.TomcatWebServer  : Tomcat started on port(s): 8086 (http) with context path ''
2019-04-23 17:09:00.344  INFO 25143 --- [main] c.e.a.titanic.TitanicApplication         : Started TitanicApplication in 8.868 seconds (JVM running for 9.399)
2019-04-23 17:09:06.946  INFO 25143 --- [Thread-3] o.s.s.concurrent.ThreadPoolTaskExecutor  : Shutting down ExecutorService 'applicationTaskExecutor'
2019-04-23 17:09:06.948  INFO 25143 --- [Thread-3] j.LocalContainerEntityManagerFactoryBean : Closing JPA EntityManagerFactory for persistence unit 'default'
2019-04-23 17:09:06.951  INFO 25143 --- [Thread-3] com.zaxxer.hikari.HikariDataSource       : HikariPool-1 - Shutdown initiated...
2019-04-23 17:09:06.958  INFO 25143 --- [Thread-3] com.zaxxer.hikari.HikariDataSource       : HikariPool-1 - Shutdown completed.
